8/16/2021, 5:31:39 PM - INFO - Server is running on port: 3030 
8/16/2021, 5:32:37 PM - INFO - Server is running on port: 3030 
8/16/2021, 5:35:38 PM - INFO - Server is running on port: 3030 
8/16/2021, 5:36:41 PM - INFO - Server is running on port: 3030 
8/16/2021, 5:36:46 PM - INFO - Server is running on port: 3030 
8/16/2021, 5:37:30 PM - INFO - Server is running on port: 3030 
8/16/2021, 5:37:44 PM - INFO - Server is running on port: 3030 
8/16/2021, 5:37:47 PM - INFO - Server is running on port: 3030 
8/16/2021, 5:38:34 PM - INFO - Server is running on port: 3030 
8/16/2021, 5:44:46 PM - INFO - Server is running on port: 3030 
8/16/2021, 5:45:23 PM - INFO - Server is running on port: 3030 
8/16/2021, 5:51:16 PM - INFO - Server is running on port: 3030 
8/16/2021, 5:53:04 PM - INFO - Server is running on port: 3030 
8/16/2021, 6:00:35 PM - DEBUG - auth.service - login with email: TalC@fake.com 
8/16/2021, 6:00:45 PM - DEBUG - auth.service - login with email: bella@fake.com 
8/16/2021, 6:00:53 PM - DEBUG - auth.service - login with email: bella@fake.com 
8/16/2021, 6:01:57 PM - DEBUG - auth.service - login with email: bella@fake.com 
8/16/2021, 6:02:04 PM - DEBUG - auth.service - login with email: bella@fake.com 
8/16/2021, 6:06:30 PM - DEBUG - auth.service - login with email: bella@fake.com 
8/16/2021, 6:07:14 PM - DEBUG - auth.service - login with email: bella@fake.com 
8/16/2021, 6:32:39 PM - INFO - Server is running on port: 3030 
8/16/2021, 6:32:41 PM - INFO - Server is running on port: 3030 
8/16/2021, 6:32:43 PM - INFO - Server is running on port: 3030 
8/16/2021, 6:32:45 PM - INFO - Server is running on port: 3030 
8/17/2021, 10:01:06 AM - INFO - Server is running on port: 3030 
8/17/2021, 10:28:27 AM - INFO - Server is running on port: 3030 
8/17/2021, 10:28:33 AM - INFO - Server is running on port: 3030 
8/17/2021, 10:28:49 AM - INFO - Server is running on port: 3030 
8/17/2021, 10:29:11 AM - INFO - Server is running on port: 3030 
8/17/2021, 10:29:22 AM - INFO - Server is running on port: 3030 
8/17/2021, 10:29:26 AM - INFO - Server is running on port: 3030 
8/17/2021, 10:29:48 AM - INFO - Server is running on port: 3030 
8/17/2021, 10:31:48 AM - INFO - Server is running on port: 3030 
8/17/2021, 10:32:04 AM - INFO - Server is running on port: 3030 
8/17/2021, 10:43:38 AM - INFO - Server is running on port: 3030 
8/17/2021, 10:44:34 AM - INFO - Server is running on port: 3030 
8/17/2021, 10:45:20 AM - INFO - Server is running on port: 3030 
8/17/2021, 10:45:50 AM - INFO - Server is running on port: 3030 
8/17/2021, 10:46:18 AM - INFO - Server is running on port: 3030 
8/17/2021, 10:46:49 AM - INFO - Server is running on port: 3030 
8/17/2021, 11:14:57 AM - INFO - Server is running on port: 3030 
8/17/2021, 11:17:08 AM - INFO - Server is running on port: 3030 
8/17/2021, 12:33:53 PM - INFO - Server is running on port: 3030 
8/17/2021, 3:50:19 PM - INFO - Server is running on port: 3030 
8/17/2021, 5:55:32 PM - INFO - Server is running on port: 3030 
8/17/2021, 5:55:43 PM - INFO - Server is running on port: 3030 
8/18/2021, 11:06:33 AM - INFO - Server is running on port: 3030 
8/18/2021, 5:49:00 PM - ERROR - while finding song undefined | Error: Argument passed in must be a single String of 12 bytes or a string of 24 hex characters 
8/18/2021, 5:49:00 PM - ERROR - Failed to get song | Error: Argument passed in must be a single String of 12 bytes or a string of 24 hex characters 
8/18/2021, 5:50:16 PM - ERROR - while finding song undefined | Error: Argument passed in must be a single String of 12 bytes or a string of 24 hex characters 
8/18/2021, 5:50:16 PM - ERROR - Failed to get song | Error: Argument passed in must be a single String of 12 bytes or a string of 24 hex characters 
8/18/2021, 5:51:39 PM - ERROR - while finding song undefined | Error: Argument passed in must be a single String of 12 bytes or a string of 24 hex characters 
8/18/2021, 5:51:39 PM - ERROR - Failed to get song | Error: Argument passed in must be a single String of 12 bytes or a string of 24 hex characters 
8/18/2021, 5:51:45 PM - ERROR - while finding song undefined | Error: Argument passed in must be a single String of 12 bytes or a string of 24 hex characters 
8/18/2021, 5:51:45 PM - ERROR - Failed to get song | Error: Argument passed in must be a single String of 12 bytes or a string of 24 hex characters 
8/18/2021, 5:52:14 PM - ERROR - while finding song undefined | Error: Argument passed in must be a single String of 12 bytes or a string of 24 hex characters 
8/18/2021, 5:52:14 PM - ERROR - Failed to get song | Error: Argument passed in must be a single String of 12 bytes or a string of 24 hex characters 
8/18/2021, 5:52:29 PM - ERROR - while finding song undefined | Error: Argument passed in must be a single String of 12 bytes or a string of 24 hex characters 
8/18/2021, 5:52:29 PM - ERROR - Failed to get song | Error: Argument passed in must be a single String of 12 bytes or a string of 24 hex characters 
